*   Trying 54.77.89.30:443...
* TCP_NODELAY set
* Connected to esi.evetech.net (54.77.89.30) port 443 (#0)
* ALPN, offering h2
* ALPN, offering http/1.1
* successfully set certificate verify locations:
*   CAfile: C:\xampp\apache\bin\curl-ca-bundle.crt
  CApath: none
* SSL connection using TLSv1.2 / ECDHE-RSA-AES128-GCM-SHA256
* ALPN, server accepted to use h2
* Server certificate:
*  subject: CN=esi.evetech.net
*  start date: Dec 30 00:00:00 2019 GMT
*  expire date: Jan 30 12:00:00 2021 GMT
*  subjectAltName: host "esi.evetech.net" matched cert's "esi.evetech.net"
*  issuer: C=US; O=Amazon; OU=Server CA 1B; CN=Amazon
*  SSL certificate verify ok.
* Using HTTP2, server supports multi-use
* Connection state changed (HTTP/2 confirmed)
* Copying HTTP/2 data in stream buffer to connection buffer after upgrade: len=0
* Using Stream ID: 1 (easy handle 0x23922445860)
> POST /latest/universe/ids HTTP/2
Host: esi.evetech.net
user-agent: Eve Co-Pilot (https://co-pilot.eve-nt.uk; molbal@outlook.com)
x-a: b
accept: application/json
content-type: application/json
content-length: 47

* Connection state changed (MAX_CONCURRENT_STREAMS == 128)!
* We are completely uploaded and fine
< HTTP/2 200 
< date: Sat, 02 May 2020 17:11:15 GMT
< content-type: application/json; charset=UTF-8
< content-length: 86
< access-control-allow-credentials: true
< access-control-allow-headers: Content-Type,Authorization,If-None-Match,X-User-Agent
< access-control-allow-methods: POST,OPTIONS
< access-control-allow-origin: *
< access-control-expose-headers: Content-Type,Warning,ETag,X-Pages,X-ESI-Error-Limit-Remain,X-ESI-Error-Limit-Reset
< access-control-max-age: 600
< allow: OPTIONS,POST
< content-language: en-us
< strict-transport-security: max-age=31536000
< vary: Accept-Language
< x-esi-error-limit-remain: 100
< x-esi-error-limit-reset: 45
< x-esi-request-id: 62e8bbbe-4869-4de0-8acd-52bc08983ae6
< 
* Connection #0 to host esi.evetech.net left intact
*   Trying 54.72.28.86:443...
* TCP_NODELAY set
* Connected to esi.evetech.net (54.72.28.86) port 443 (#0)
* ALPN, offering h2
* ALPN, offering http/1.1
* successfully set certificate verify locations:
*   CAfile: C:\xampp\apache\bin\curl-ca-bundle.crt
  CApath: none
* SSL connection using TLSv1.2 / ECDHE-RSA-AES128-GCM-SHA256
* ALPN, server accepted to use h2
* Server certificate:
*  subject: CN=esi.evetech.net
*  start date: Dec 30 00:00:00 2019 GMT
*  expire date: Jan 30 12:00:00 2021 GMT
*  subjectAltName: host "esi.evetech.net" matched cert's "esi.evetech.net"
*  issuer: C=US; O=Amazon; OU=Server CA 1B; CN=Amazon
*  SSL certificate verify ok.
* Using HTTP2, server supports multi-use
* Connection state changed (HTTP/2 confirmed)
* Copying HTTP/2 data in stream buffer to connection buffer after upgrade: len=0
* Using Stream ID: 1 (easy handle 0x23922445860)
> POST /latest/universe/ids HTTP/2
Host: esi.evetech.net
user-agent: Eve Co-Pilot (https://co-pilot.eve-nt.uk; molbal@outlook.com)
x-a: b
accept: application/json
content-type: application/json
content-length: 47

* Connection state changed (MAX_CONCURRENT_STREAMS == 128)!
* We are completely uploaded and fine
< HTTP/2 200 
< date: Sat, 02 May 2020 17:13:01 GMT
< content-type: application/json; charset=UTF-8
< content-length: 86
< access-control-allow-credentials: true
< access-control-allow-headers: Content-Type,Authorization,If-None-Match,X-User-Agent
< access-control-allow-methods: POST,OPTIONS
< access-control-allow-origin: *
< access-control-expose-headers: Content-Type,Warning,ETag,X-Pages,X-ESI-Error-Limit-Remain,X-ESI-Error-Limit-Reset
< access-control-max-age: 600
< allow: OPTIONS,POST
< content-language: en-us
< strict-transport-security: max-age=31536000
< vary: Accept-Language
< x-esi-error-limit-remain: 100
< x-esi-error-limit-reset: 59
< x-esi-request-id: cf4a640a-65f3-4a5f-85f0-40277ae09253
< 
* Connection #0 to host esi.evetech.net left intact
*   Trying 52.48.195.27:443...
* TCP_NODELAY set
* Connected to esi.evetech.net (52.48.195.27) port 443 (#0)
* ALPN, offering h2
* ALPN, offering http/1.1
* successfully set certificate verify locations:
*   CAfile: C:\xampp\apache\bin\curl-ca-bundle.crt
  CApath: none
* SSL connection using TLSv1.2 / ECDHE-RSA-AES128-GCM-SHA256
* ALPN, server accepted to use h2
* Server certificate:
*  subject: CN=esi.evetech.net
*  start date: Dec 30 00:00:00 2019 GMT
*  expire date: Jan 30 12:00:00 2021 GMT
*  subjectAltName: host "esi.evetech.net" matched cert's "esi.evetech.net"
*  issuer: C=US; O=Amazon; OU=Server CA 1B; CN=Amazon
*  SSL certificate verify ok.
* Using HTTP2, server supports multi-use
* Connection state changed (HTTP/2 confirmed)
* Copying HTTP/2 data in stream buffer to connection buffer after upgrade: len=0
* Using Stream ID: 1 (easy handle 0x23922582990)
> POST /latest/universe/ids HTTP/2
Host: esi.evetech.net
user-agent: Eve Co-Pilot (https://co-pilot.eve-nt.uk; molbal@outlook.com)
x-a: b
accept: application/json
content-type: application/json
content-length: 47

* Connection state changed (MAX_CONCURRENT_STREAMS == 128)!
* We are completely uploaded and fine
< HTTP/2 200 
< date: Sat, 02 May 2020 17:15:37 GMT
< content-type: application/json; charset=UTF-8
< content-length: 86
< access-control-allow-credentials: true
< access-control-allow-headers: Content-Type,Authorization,If-None-Match,X-User-Agent
< access-control-allow-methods: POST,OPTIONS
< access-control-allow-origin: *
< access-control-expose-headers: Content-Type,Warning,ETag,X-Pages,X-ESI-Error-Limit-Remain,X-ESI-Error-Limit-Reset
< access-control-max-age: 600
< allow: OPTIONS,POST
< content-language: en-us
< strict-transport-security: max-age=31536000
< vary: Accept-Language
< x-esi-error-limit-remain: 100
< x-esi-error-limit-reset: 23
< x-esi-request-id: 24ced262-190c-4410-bf53-84f6d093fb74
< 
* Connection #0 to host esi.evetech.net left intact
*   Trying 52.48.195.27:443...
* TCP_NODELAY set
* Connected to esi.evetech.net (52.48.195.27) port 443 (#0)
* ALPN, offering h2
* ALPN, offering http/1.1
* successfully set certificate verify locations:
*   CAfile: C:\xampp\apache\bin\curl-ca-bundle.crt
  CApath: none
* SSL connection using TLSv1.2 / ECDHE-RSA-AES128-GCM-SHA256
* ALPN, server accepted to use h2
* Server certificate:
*  subject: CN=esi.evetech.net
*  start date: Dec 30 00:00:00 2019 GMT
*  expire date: Jan 30 12:00:00 2021 GMT
*  subjectAltName: host "esi.evetech.net" matched cert's "esi.evetech.net"
*  issuer: C=US; O=Amazon; OU=Server CA 1B; CN=Amazon
*  SSL certificate verify ok.
* Using HTTP2, server supports multi-use
* Connection state changed (HTTP/2 confirmed)
* Copying HTTP/2 data in stream buffer to connection buffer after upgrade: len=0
* Using Stream ID: 1 (easy handle 0x23922445860)
> POST /latest/universe/ids HTTP/2
Host: esi.evetech.net
user-agent: Eve Co-Pilot (https://co-pilot.eve-nt.uk; molbal@outlook.com)
x-a: b
accept: application/json
content-type: application/json
content-length: 47

* Connection state changed (MAX_CONCURRENT_STREAMS == 128)!
* We are completely uploaded and fine
< HTTP/2 200 
< date: Sat, 02 May 2020 17:16:14 GMT
< content-type: application/json; charset=UTF-8
< content-length: 86
< access-control-allow-credentials: true
< access-control-allow-headers: Content-Type,Authorization,If-None-Match,X-User-Agent
< access-control-allow-methods: POST,OPTIONS
< access-control-allow-origin: *
< access-control-expose-headers: Content-Type,Warning,ETag,X-Pages,X-ESI-Error-Limit-Remain,X-ESI-Error-Limit-Reset
< access-control-max-age: 600
< allow: OPTIONS,POST
< content-language: en-us
< strict-transport-security: max-age=31536000
< vary: Accept-Language
< x-esi-error-limit-remain: 100
< x-esi-error-limit-reset: 46
< x-esi-request-id: ba8a3632-3846-4e2e-a398-3fa888a28d2b
< 
* Connection #0 to host esi.evetech.net left intact
