*   Trying 104.27.145.139:443...
* TCP_NODELAY set
* Connected to svcfitstat.eve-nt.uk (104.27.145.139) port 443 (#0)
* ALPN, offering h2
* ALPN, offering http/1.1
* successfully set certificate verify locations:
*   CAfile: C:\xampp\apache\bin\curl-ca-bundle.crt
  CApath: none
* SSL connection using TLSv1.3 / TLS_AES_256_GCM_SHA384
* ALPN, server accepted to use h2
* Server certificate:
*  subject: C=US; ST=CA; L=San Francisco; O=Cloudflare, Inc.; CN=sni.cloudflaressl.com
*  start date: Jan 31 00:00:00 2020 GMT
*  expire date: Oct  9 12:00:00 2020 GMT
*  subjectAltName: host "svcfitstat.eve-nt.uk" matched cert's "*.eve-nt.uk"
*  issuer: C=US; ST=CA; L=San Francisco; O=CloudFlare, Inc.; CN=CloudFlare Inc ECC CA-2
*  SSL certificate verify ok.
* Using HTTP2, server supports multi-use
* Connection state changed (HTTP/2 confirmed)
* Copying HTTP/2 data in stream buffer to connection buffer after upgrade: len=0
* Using Stream ID: 1 (easy handle 0x1b5d71703a0)
> POST /api/calculate/async HTTP/2
Host: svcfitstat.eve-nt.uk
accept: */*
content-length: 834
content-type: application/x-www-form-urlencoded

* We are completely uploaded and fine
* old SSL session ID is stale, removing
* Connection state changed (MAX_CONCURRENT_STREAMS == 256)!
< HTTP/2 200 
< date: Mon, 11 May 2020 22:35:22 GMT
< content-type: application/json
< set-cookie: __cfduid=de6f3b8940ec9c0c8d441c9a91925f0611589236521; expires=Wed, 10-Jun-20 22:35:21 GMT; path=/; domain=.eve-nt.uk; HttpOnly; SameSite=Lax
< x-powered-by: PHP/7.4.5
< cache-control: private, must-revalidate
< pragma: no-cache
< expires: -1
< x-ratelimit-limit: 60
< x-ratelimit-remaining: 59
< x-powered-by: PleskLin
< cf-cache-status: DYNAMIC
< expect-ct: max-age=604800, report-uri="https://report-uri.cloudflare.com/cdn-cgi/beacon/expect-ct"
< server: cloudflare
< cf-ray: 591f5f656cfd2fa5-FRA
< cf-request-id: 02a779f35d00002fa50a161200000001
< 
* Connection #0 to host svcfitstat.eve-nt.uk left intact
